0 info it worked if it ends with ok
1 verbose cli [ '/usr/bin/nodejs',
1 verbose cli   '/usr/bin/npm',
1 verbose cli   '--registry',
1 verbose cli   'https://npm.sencha.com',
1 verbose cli   'whoami' ]
2 info using npm@3.5.2
3 info using node@v4.2.6
4 verbose stack Error: this command requires you to be logged in.
4 verbose stack     at EventEmitter.whoami (/usr/share/npm/lib/whoami.js:41:18)
4 verbose stack     at Object.commandCache.(anonymous function) (/usr/share/npm/lib/npm.js:216:13)
4 verbose stack     at EventEmitter.<anonymous> (/usr/share/npm/bin/npm-cli.js:74:30)
4 verbose stack     at nextTickCallbackWith0Args (node.js:419:9)
4 verbose stack     at process._tickCallback (node.js:348:13)
5 verbose cwd /media/hanson/development/workspace/extjs/Apps/TrainingApp
6 error Linux 4.15.0-142-generic
7 error argv "/usr/bin/nodejs" "/usr/bin/npm" "--registry" "https://npm.sencha.com" "whoami"
8 error node v4.2.6
9 error npm  v3.5.2
10 error code ENEEDAUTH
11 error need auth this command requires you to be logged in.
12 error need auth You need to authorize this machine using `npm adduser`
13 verbose exit [ 1, true ]
